<?xml version="1.0" encoding="UTF-8"?>
<testng-results skipped="0" failed="0" ignored="0" total="1" passed="1">
  <reporter-output>
  </reporter-output>
  <suite name="Default suite" duration-ms="15292" started-at="2020-03-05T09:07:20Z" finished-at="2020-03-05T09:07:36Z">
    <groups>
    </groups>
    <test name="Default test" duration-ms="15292" started-at="2020-03-05T09:07:20Z" finished-at="2020-03-05T09:07:36Z">
      <class name="TestFactory.loginFactory">
        <test-method status="PASS" signature="checklogin()[pri:0, instance:TestFactory.loginFactory@7c0e2abd]" name="checklogin" duration-ms="15257" started-at="2020-03-05T09:07:20Z" finished-at="2020-03-05T09:07:36Z">
          <reporter-output>
          </reporter-output>
        </test-method> <!-- checklogin -->
      </class> <!-- TestFactory.loginFactory -->
    </test> <!-- Default test -->
  </suite> <!-- Default suite -->
</testng-results>
